
C:\Windows\ServiceProfiles\LocalService\AppData\Local\SCANCO_Medical_AG\JobService\Jobs\188-e4fbeaf0-5cab-4f44-8cc6-5b746a11c3f4>SET EVAL_EVALFILE=uct_evaluation_v7 

C:\Windows\ServiceProfiles\LocalService\AppData\Local\SCANCO_Medical_AG\JobService\Jobs\188-e4fbeaf0-5cab-4f44-8cc6-5b746a11c3f4>SET EVAL_IPLFILE=YG_iplv7_midshaft_mask 

C:\Windows\ServiceProfiles\LocalService\AppData\Local\SCANCO_Medical_AG\JobService\Jobs\188-e4fbeaf0-5cab-4f44-8cc6-5b746a11c3f4>SET EVAL_USERFILE0=uct_evaluation_v7_prs_csv 

C:\Windows\ServiceProfiles\LocalService\AppData\Local\SCANCO_Medical_AG\JobService\Jobs\188-e4fbeaf0-5cab-4f44-8cc6-5b746a11c3f4>SET EVAL_USERFILE1= 

C:\Windows\ServiceProfiles\LocalService\AppData\Local\SCANCO_Medical_AG\JobService\Jobs\188-e4fbeaf0-5cab-4f44-8cc6-5b746a11c3f4>SET EVAL_USERFILE2= 

C:\Windows\ServiceProfiles\LocalService\AppData\Local\SCANCO_Medical_AG\JobService\Jobs\188-e4fbeaf0-5cab-4f44-8cc6-5b746a11c3f4>SET EVAL_USERFILE3= 

C:\Windows\ServiceProfiles\LocalService\AppData\Local\SCANCO_Medical_AG\JobService\Jobs\188-e4fbeaf0-5cab-4f44-8cc6-5b746a11c3f4>SET IPL_USERFILE1= 

C:\Windows\ServiceProfiles\LocalService\AppData\Local\SCANCO_Medical_AG\JobService\Jobs\188-e4fbeaf0-5cab-4f44-8cc6-5b746a11c3f4>SET IPL_EVALFILE=uct_evaluation_v7 

C:\Windows\ServiceProfiles\LocalService\AppData\Local\SCANCO_Medical_AG\JobService\Jobs\188-e4fbeaf0-5cab-4f44-8cc6-5b746a11c3f4>SET IPL_USERFILE2= 

C:\Windows\ServiceProfiles\LocalService\AppData\Local\SCANCO_Medical_AG\JobService\Jobs\188-e4fbeaf0-5cab-4f44-8cc6-5b746a11c3f4>SET IPL_USERFILE0=uct_evaluation_v7_prs_csv 

C:\Windows\ServiceProfiles\LocalService\AppData\Local\SCANCO_Medical_AG\JobService\Jobs\188-e4fbeaf0-5cab-4f44-8cc6-5b746a11c3f4>SET IPL_USERFILE3= 

C:\Windows\ServiceProfiles\LocalService\AppData\Local\SCANCO_Medical_AG\JobService\Jobs\188-e4fbeaf0-5cab-4f44-8cc6-5b746a11c3f4>SET IPL_IPLFILE=YG_iplv7_midshaft_mask 

C:\Windows\ServiceProfiles\LocalService\AppData\Local\SCANCO_Medical_AG\JobService\Jobs\188-e4fbeaf0-5cab-4f44-8cc6-5b746a11c3f4>SET EVAL_SHORTNAME=YG Bone Midshaft 

C:\Windows\ServiceProfiles\LocalService\AppData\Local\SCANCO_Medical_AG\JobService\Jobs\188-e4fbeaf0-5cab-4f44-8cc6-5b746a11c3f4>SET EVAL_SAMPNAME=YG_MM_E01_IntF_4W_OGP270_17RU 

C:\Windows\ServiceProfiles\LocalService\AppData\Local\SCANCO_Medical_AG\JobService\Jobs\188-e4fbeaf0-5cab-4f44-8cc6-5b746a11c3f4>SET EVAL_SAMPNO=6717 

C:\Windows\ServiceProfiles\LocalService\AppData\Local\SCANCO_Medical_AG\JobService\Jobs\188-e4fbeaf0-5cab-4f44-8cc6-5b746a11c3f4>SET EVAL_MEASNO=13981 

C:\Windows\ServiceProfiles\LocalService\AppData\Local\SCANCO_Medical_AG\JobService\Jobs\188-e4fbeaf0-5cab-4f44-8cc6-5b746a11c3f4>SET EVAL_SITE=CU 

C:\Windows\ServiceProfiles\LocalService\AppData\Local\SCANCO_Medical_AG\JobService\Jobs\188-e4fbeaf0-5cab-4f44-8cc6-5b746a11c3f4>SET EVAL_LOGDEST=sys$scratch: 

C:\Windows\ServiceProfiles\LocalService\AppData\Local\SCANCO_Medical_AG\JobService\Jobs\188-e4fbeaf0-5cab-4f44-8cc6-5b746a11c3f4>SET EVAL_LOGFILE=.log 

C:\Windows\ServiceProfiles\LocalService\AppData\Local\SCANCO_Medical_AG\JobService\Jobs\188-e4fbeaf0-5cab-4f44-8cc6-5b746a11c3f4>SET EVAL_EQUEUE= 

C:\Windows\ServiceProfiles\LocalService\AppData\Local\SCANCO_Medical_AG\JobService\Jobs\188-e4fbeaf0-5cab-4f44-8cc6-5b746a11c3f4>SET EVAL_SHORTNAMET=YG_Bone_Midshaft 

C:\Windows\ServiceProfiles\LocalService\AppData\Local\SCANCO_Medical_AG\JobService\Jobs\188-e4fbeaf0-5cab-4f44-8cc6-5b746a11c3f4>SET EVAL_SHORTNAMETT=YG_Bone_Midshaft 

C:\Windows\ServiceProfiles\LocalService\AppData\Local\SCANCO_Medical_AG\JobService\Jobs\188-e4fbeaf0-5cab-4f44-8cc6-5b746a11c3f4>SET EVAL_SAMPNAMET=YG_MM_E01_IntF_4W_OGP270_17RU 

C:\Windows\ServiceProfiles\LocalService\AppData\Local\SCANCO_Medical_AG\JobService\Jobs\188-e4fbeaf0-5cab-4f44-8cc6-5b746a11c3f4>SET EVAL_LOGFILE2=sys$scratch:EVAL_YG_Bone_Midshaft_00006717_00013981.log 

C:\Windows\ServiceProfiles\LocalService\AppData\Local\SCANCO_Medical_AG\JobService\Jobs\188-e4fbeaf0-5cab-4f44-8cc6-5b746a11c3f4>SET IPL_SITE=CU 

C:\Windows\ServiceProfiles\LocalService\AppData\Local\SCANCO_Medical_AG\JobService\Jobs\188-e4fbeaf0-5cab-4f44-8cc6-5b746a11c3f4>SET IPL_LOGFILE=.log 

C:\Windows\ServiceProfiles\LocalService\AppData\Local\SCANCO_Medical_AG\JobService\Jobs\188-e4fbeaf0-5cab-4f44-8cc6-5b746a11c3f4>SET IPL_SHORTNAME=YG Bone Midshaft 

C:\Windows\ServiceProfiles\LocalService\AppData\Local\SCANCO_Medical_AG\JobService\Jobs\188-e4fbeaf0-5cab-4f44-8cc6-5b746a11c3f4>SET IPL_SHORTNAMETT=YG_Bone_Midshaft 

C:\Windows\ServiceProfiles\LocalService\AppData\Local\SCANCO_Medical_AG\JobService\Jobs\188-e4fbeaf0-5cab-4f44-8cc6-5b746a11c3f4>SET IPL_SAMPNO=6717 

C:\Windows\ServiceProfiles\LocalService\AppData\Local\SCANCO_Medical_AG\JobService\Jobs\188-e4fbeaf0-5cab-4f44-8cc6-5b746a11c3f4>SET IPL_LOGFILE2=sys$scratch:EVAL_YG_Bone_Midshaft_00006717_00013981.log 

C:\Windows\ServiceProfiles\LocalService\AppData\Local\SCANCO_Medical_AG\JobService\Jobs\188-e4fbeaf0-5cab-4f44-8cc6-5b746a11c3f4>SET IPL_SAMPNAMET=YG_MM_E01_IntF_4W_OGP270_17RU 

C:\Windows\ServiceProfiles\LocalService\AppData\Local\SCANCO_Medical_AG\JobService\Jobs\188-e4fbeaf0-5cab-4f44-8cc6-5b746a11c3f4>SET IPL_MEASNO=13981 

C:\Windows\ServiceProfiles\LocalService\AppData\Local\SCANCO_Medical_AG\JobService\Jobs\188-e4fbeaf0-5cab-4f44-8cc6-5b746a11c3f4>SET IPL_SHORTNAMET=YG_Bone_Midshaft 

C:\Windows\ServiceProfiles\LocalService\AppData\Local\SCANCO_Medical_AG\JobService\Jobs\188-e4fbeaf0-5cab-4f44-8cc6-5b746a11c3f4>SET IPL_EQUEUE= 

C:\Windows\ServiceProfiles\LocalService\AppData\Local\SCANCO_Medical_AG\JobService\Jobs\188-e4fbeaf0-5cab-4f44-8cc6-5b746a11c3f4>SET IPL_SAMPNAME=YG_MM_E01_IntF_4W_OGP270_17RU 

C:\Windows\ServiceProfiles\LocalService\AppData\Local\SCANCO_Medical_AG\JobService\Jobs\188-e4fbeaf0-5cab-4f44-8cc6-5b746a11c3f4>SET IPL_LOGDEST=sys$scratch: 

C:\Windows\ServiceProfiles\LocalService\AppData\Local\SCANCO_Medical_AG\JobService\Jobs\188-e4fbeaf0-5cab-4f44-8cc6-5b746a11c3f4>SET EVAL_ORIG_ISQ=@sns/measurement/4/6717/13981/R0005194.isq 

C:\Windows\ServiceProfiles\LocalService\AppData\Local\SCANCO_Medical_AG\JobService\Jobs\188-e4fbeaf0-5cab-4f44-8cc6-5b746a11c3f4>SET HIDDEN_DATATYPE=SHORT 

C:\Windows\ServiceProfiles\LocalService\AppData\Local\SCANCO_Medical_AG\JobService\Jobs\188-e4fbeaf0-5cab-4f44-8cc6-5b746a11c3f4>SET EVAL_MGROUP=0 

C:\Windows\ServiceProfiles\LocalService\AppData\Local\SCANCO_Medical_AG\JobService\Jobs\188-e4fbeaf0-5cab-4f44-8cc6-5b746a11c3f4>SET EVAL_MGROUPN=All 

C:\Windows\ServiceProfiles\LocalService\AppData\Local\SCANCO_Medical_AG\JobService\Jobs\188-e4fbeaf0-5cab-4f44-8cc6-5b746a11c3f4>SET EVAL_EGROUP=0 

C:\Windows\ServiceProfiles\LocalService\AppData\Local\SCANCO_Medical_AG\JobService\Jobs\188-e4fbeaf0-5cab-4f44-8cc6-5b746a11c3f4>SET EVAL_EGROUPN=Standard 

C:\Windows\ServiceProfiles\LocalService\AppData\Local\SCANCO_Medical_AG\JobService\Jobs\188-e4fbeaf0-5cab-4f44-8cc6-5b746a11c3f4>SET EVAL_REGION=0 

C:\Windows\ServiceProfiles\LocalService\AppData\Local\SCANCO_Medical_AG\JobService\Jobs\188-e4fbeaf0-5cab-4f44-8cc6-5b746a11c3f4>SET EVAL_VERSION=0 

C:\Windows\ServiceProfiles\LocalService\AppData\Local\SCANCO_Medical_AG\JobService\Jobs\188-e4fbeaf0-5cab-4f44-8cc6-5b746a11c3f4>SET EVAL_SCANNERID=SC6511 

C:\Windows\ServiceProfiles\LocalService\AppData\Local\SCANCO_Medical_AG\JobService\Jobs\188-e4fbeaf0-5cab-4f44-8cc6-5b746a11c3f4>SET EVAL_LOGIDX=176 

C:\Windows\ServiceProfiles\LocalService\AppData\Local\SCANCO_Medical_AG\JobService\Jobs\188-e4fbeaf0-5cab-4f44-8cc6-5b746a11c3f4>SET EVAL_OPERE=4 

C:\Windows\ServiceProfiles\LocalService\AppData\Local\SCANCO_Medical_AG\JobService\Jobs\188-e4fbeaf0-5cab-4f44-8cc6-5b746a11c3f4>SET EVAL_MGROUPNT=All 

C:\Windows\ServiceProfiles\LocalService\AppData\Local\SCANCO_Medical_AG\JobService\Jobs\188-e4fbeaf0-5cab-4f44-8cc6-5b746a11c3f4>SET EVAL_EGROUPNT=Standard 

C:\Windows\ServiceProfiles\LocalService\AppData\Local\SCANCO_Medical_AG\JobService\Jobs\188-e4fbeaf0-5cab-4f44-8cc6-5b746a11c3f4>SET EVAL_REGCNT=1 

C:\Windows\ServiceProfiles\LocalService\AppData\Local\SCANCO_Medical_AG\JobService\Jobs\188-e4fbeaf0-5cab-4f44-8cc6-5b746a11c3f4>SET EVAL_SCANNERIDT=6511 

C:\Windows\ServiceProfiles\LocalService\AppData\Local\SCANCO_Medical_AG\JobService\Jobs\188-e4fbeaf0-5cab-4f44-8cc6-5b746a11c3f4>SET IPL_EGROUPN=Standard 

C:\Windows\ServiceProfiles\LocalService\AppData\Local\SCANCO_Medical_AG\JobService\Jobs\188-e4fbeaf0-5cab-4f44-8cc6-5b746a11c3f4>SET IPL_OPERE=4 

C:\Windows\ServiceProfiles\LocalService\AppData\Local\SCANCO_Medical_AG\JobService\Jobs\188-e4fbeaf0-5cab-4f44-8cc6-5b746a11c3f4>SET IPL_EGROUPNT=Standard 

C:\Windows\ServiceProfiles\LocalService\AppData\Local\SCANCO_Medical_AG\JobService\Jobs\188-e4fbeaf0-5cab-4f44-8cc6-5b746a11c3f4>SET IPL_SCANNERIDT=6511 

C:\Windows\ServiceProfiles\LocalService\AppData\Local\SCANCO_Medical_AG\JobService\Jobs\188-e4fbeaf0-5cab-4f44-8cc6-5b746a11c3f4>SET IPL_MGROUPN=All 

C:\Windows\ServiceProfiles\LocalService\AppData\Local\SCANCO_Medical_AG\JobService\Jobs\188-e4fbeaf0-5cab-4f44-8cc6-5b746a11c3f4>SET IPL_SCANNERID=SC6511 

C:\Windows\ServiceProfiles\LocalService\AppData\Local\SCANCO_Medical_AG\JobService\Jobs\188-e4fbeaf0-5cab-4f44-8cc6-5b746a11c3f4>SET IPL_REGION=0 

C:\Windows\ServiceProfiles\LocalService\AppData\Local\SCANCO_Medical_AG\JobService\Jobs\188-e4fbeaf0-5cab-4f44-8cc6-5b746a11c3f4>SET IPL_LOGIDX=176 

C:\Windows\ServiceProfiles\LocalService\AppData\Local\SCANCO_Medical_AG\JobService\Jobs\188-e4fbeaf0-5cab-4f44-8cc6-5b746a11c3f4>SET IPL_MGROUP=0 

C:\Windows\ServiceProfiles\LocalService\AppData\Local\SCANCO_Medical_AG\JobService\Jobs\188-e4fbeaf0-5cab-4f44-8cc6-5b746a11c3f4>SET IPL_REGCNT=1 

C:\Windows\ServiceProfiles\LocalService\AppData\Local\SCANCO_Medical_AG\JobService\Jobs\188-e4fbeaf0-5cab-4f44-8cc6-5b746a11c3f4>SET IPL_EGROUP=0 

C:\Windows\ServiceProfiles\LocalService\AppData\Local\SCANCO_Medical_AG\JobService\Jobs\188-e4fbeaf0-5cab-4f44-8cc6-5b746a11c3f4>SET IPL_VERSION=0 

C:\Windows\ServiceProfiles\LocalService\AppData\Local\SCANCO_Medical_AG\JobService\Jobs\188-e4fbeaf0-5cab-4f44-8cc6-5b746a11c3f4>SET IPL_MGROUPNT=All 

C:\Windows\ServiceProfiles\LocalService\AppData\Local\SCANCO_Medical_AG\JobService\Jobs\188-e4fbeaf0-5cab-4f44-8cc6-5b746a11c3f4>SET IPL_ORIG_ISQ=R0005194 

C:\Windows\ServiceProfiles\LocalService\AppData\Local\SCANCO_Medical_AG\JobService\Jobs\188-e4fbeaf0-5cab-4f44-8cc6-5b746a11c3f4>SET EVAL_DIR=@sns/measurement/4/6717/13981/ 

C:\Windows\ServiceProfiles\LocalService\AppData\Local\SCANCO_Medical_AG\JobService\Jobs\188-e4fbeaf0-5cab-4f44-8cc6-5b746a11c3f4>SET EVAL_FNAME=R0005194 

C:\Windows\ServiceProfiles\LocalService\AppData\Local\SCANCO_Medical_AG\JobService\Jobs\188-e4fbeaf0-5cab-4f44-8cc6-5b746a11c3f4>SET EVAL_ISQ=@sns/measurement/4/6717/13981/R0005194.ISQ 

C:\Windows\ServiceProfiles\LocalService\AppData\Local\SCANCO_Medical_AG\JobService\Jobs\188-e4fbeaf0-5cab-4f44-8cc6-5b746a11c3f4>SET EVAL_AIM=@sns/measurement/4/6717/13981/R0005194.aim 

C:\Windows\ServiceProfiles\LocalService\AppData\Local\SCANCO_Medical_AG\JobService\Jobs\188-e4fbeaf0-5cab-4f44-8cc6-5b746a11c3f4>SET EVAL_SEGAIM=@sns/measurement/4/6717/13981/R0005194_Ring.aim 

C:\Windows\ServiceProfiles\LocalService\AppData\Local\SCANCO_Medical_AG\JobService\Jobs\188-e4fbeaf0-5cab-4f44-8cc6-5b746a11c3f4>SET EVAL_FNAME0=@sns/measurement/4/6717/13981/R0005194_F.aim 

C:\Windows\ServiceProfiles\LocalService\AppData\Local\SCANCO_Medical_AG\JobService\Jobs\188-e4fbeaf0-5cab-4f44-8cc6-5b746a11c3f4>SET EVAL_FNAME1=@sns/measurement/4/6717/13981/R0005194_Mask.aim 

C:\Windows\ServiceProfiles\LocalService\AppData\Local\SCANCO_Medical_AG\JobService\Jobs\188-e4fbeaf0-5cab-4f44-8cc6-5b746a11c3f4>SET EVAL_FEXT=.ISQ 

C:\Windows\ServiceProfiles\LocalService\AppData\Local\SCANCO_Medical_AG\JobService\Jobs\188-e4fbeaf0-5cab-4f44-8cc6-5b746a11c3f4>SET EVAL_FVER= 

C:\Windows\ServiceProfiles\LocalService\AppData\Local\SCANCO_Medical_AG\JobService\Jobs\188-e4fbeaf0-5cab-4f44-8cc6-5b746a11c3f4>SET EVAL_STARTFILE=@sns/measurement/4/6717/13981/R0005194.ISQ 

C:\Windows\ServiceProfiles\LocalService\AppData\Local\SCANCO_Medical_AG\JobService\Jobs\188-e4fbeaf0-5cab-4f44-8cc6-5b746a11c3f4>SET EVAL_DATATYPE=ISQSHORT 

C:\Windows\ServiceProfiles\LocalService\AppData\Local\SCANCO_Medical_AG\JobService\Jobs\188-e4fbeaf0-5cab-4f44-8cc6-5b746a11c3f4>SET EVAL_FNAME2=@sns/measurement/4/6717/13981/R0005194_MOI.txt 

C:\Windows\ServiceProfiles\LocalService\AppData\Local\SCANCO_Medical_AG\JobService\Jobs\188-e4fbeaf0-5cab-4f44-8cc6-5b746a11c3f4>SET EVAL_FNAME3=@sns/measurement/4/6717/13981/R0005194_DT.aim 

C:\Windows\ServiceProfiles\LocalService\AppData\Local\SCANCO_Medical_AG\JobService\Jobs\188-e4fbeaf0-5cab-4f44-8cc6-5b746a11c3f4>SET EVAL_FNAME4=@sns/measurement/4/6717/13981/R0005194_R_cort.txt 

C:\Windows\ServiceProfiles\LocalService\AppData\Local\SCANCO_Medical_AG\JobService\Jobs\188-e4fbeaf0-5cab-4f44-8cc6-5b746a11c3f4>SET EVAL_FNAME5=@sns/measurement/4/6717/13981/R0005194_per_circf.txt 

C:\Windows\ServiceProfiles\LocalService\AppData\Local\SCANCO_Medical_AG\JobService\Jobs\188-e4fbeaf0-5cab-4f44-8cc6-5b746a11c3f4>SET EVAL_FNAME6=@sns/measurement/4/6717/13981/R0005194_endo_circf.txt 

C:\Windows\ServiceProfiles\LocalService\AppData\Local\SCANCO_Medical_AG\JobService\Jobs\188-e4fbeaf0-5cab-4f44-8cc6-5b746a11c3f4>SET EVAL_FNAME7=@sns/measurement/4/6717/13981/R0005194_pores.aim 

C:\Windows\ServiceProfiles\LocalService\AppData\Local\SCANCO_Medical_AG\JobService\Jobs\188-e4fbeaf0-5cab-4f44-8cc6-5b746a11c3f4>SET EVAL_FNAME8=@sns/measurement/4/6717/13981/R0005194_pore.txt 

C:\Windows\ServiceProfiles\LocalService\AppData\Local\SCANCO_Medical_AG\JobService\Jobs\188-e4fbeaf0-5cab-4f44-8cc6-5b746a11c3f4>SET EVAL_FNAME9=@sns/measurement/4/6717/13981/R0005194_pore_DT.aim 

C:\Windows\ServiceProfiles\LocalService\AppData\Local\SCANCO_Medical_AG\JobService\Jobs\188-e4fbeaf0-5cab-4f44-8cc6-5b746a11c3f4>SET EVAL_FNAME10=@sns/measurement/4/6717/13981/R0005194_pores_DT.txt 

C:\Windows\ServiceProfiles\LocalService\AppData\Local\SCANCO_Medical_AG\JobService\Jobs\188-e4fbeaf0-5cab-4f44-8cc6-5b746a11c3f4>SET EVAL_FNAME11=@sns/measurement/4/6717/13981/R0005194_trans.aim 

C:\Windows\ServiceProfiles\LocalService\AppData\Local\SCANCO_Medical_AG\JobService\Jobs\188-e4fbeaf0-5cab-4f44-8cc6-5b746a11c3f4>SET IPL_FNAME11=@sns/measurement/4/6717/13981/R0005194_trans.aim 

C:\Windows\ServiceProfiles\LocalService\AppData\Local\SCANCO_Medical_AG\JobService\Jobs\188-e4fbeaf0-5cab-4f44-8cc6-5b746a11c3f4>SET IPL_ISQ=@sns/measurement/4/6717/13981/R0005194.ISQ 

C:\Windows\ServiceProfiles\LocalService\AppData\Local\SCANCO_Medical_AG\JobService\Jobs\188-e4fbeaf0-5cab-4f44-8cc6-5b746a11c3f4>SET IPL_FNAME4=@sns/measurement/4/6717/13981/R0005194_R_cort.txt 

C:\Windows\ServiceProfiles\LocalService\AppData\Local\SCANCO_Medical_AG\JobService\Jobs\188-e4fbeaf0-5cab-4f44-8cc6-5b746a11c3f4>SET IPL_FNAME2=@sns/measurement/4/6717/13981/R0005194_MOI.txt 

C:\Windows\ServiceProfiles\LocalService\AppData\Local\SCANCO_Medical_AG\JobService\Jobs\188-e4fbeaf0-5cab-4f44-8cc6-5b746a11c3f4>SET IPL_FNAME6=@sns/measurement/4/6717/13981/R0005194_endo_circf.txt 

C:\Windows\ServiceProfiles\LocalService\AppData\Local\SCANCO_Medical_AG\JobService\Jobs\188-e4fbeaf0-5cab-4f44-8cc6-5b746a11c3f4>SET IPL_AIM=@sns/measurement/4/6717/13981/R0005194.aim 

C:\Windows\ServiceProfiles\LocalService\AppData\Local\SCANCO_Medical_AG\JobService\Jobs\188-e4fbeaf0-5cab-4f44-8cc6-5b746a11c3f4>SET IPL_FNAME7=@sns/measurement/4/6717/13981/R0005194_pores.aim 

C:\Windows\ServiceProfiles\LocalService\AppData\Local\SCANCO_Medical_AG\JobService\Jobs\188-e4fbeaf0-5cab-4f44-8cc6-5b746a11c3f4>SET IPL_DATATYPE=ISQSHORT 

C:\Windows\ServiceProfiles\LocalService\AppData\Local\SCANCO_Medical_AG\JobService\Jobs\188-e4fbeaf0-5cab-4f44-8cc6-5b746a11c3f4>SET IPL_FNAME0=@sns/measurement/4/6717/13981/R0005194_F.aim 

C:\Windows\ServiceProfiles\LocalService\AppData\Local\SCANCO_Medical_AG\JobService\Jobs\188-e4fbeaf0-5cab-4f44-8cc6-5b746a11c3f4>SET IPL_FNAME1=@sns/measurement/4/6717/13981/R0005194_Mask.aim 

C:\Windows\ServiceProfiles\LocalService\AppData\Local\SCANCO_Medical_AG\JobService\Jobs\188-e4fbeaf0-5cab-4f44-8cc6-5b746a11c3f4>SET IPL_FNAME10=@sns/measurement/4/6717/13981/R0005194_pores_DT.txt 

C:\Windows\ServiceProfiles\LocalService\AppData\Local\SCANCO_Medical_AG\JobService\Jobs\188-e4fbeaf0-5cab-4f44-8cc6-5b746a11c3f4>SET IPL_FNAME9=@sns/measurement/4/6717/13981/R0005194_pore_DT.aim 

C:\Windows\ServiceProfiles\LocalService\AppData\Local\SCANCO_Medical_AG\JobService\Jobs\188-e4fbeaf0-5cab-4f44-8cc6-5b746a11c3f4>SET IPL_FNAME5=@sns/measurement/4/6717/13981/R0005194_per_circf.txt 

C:\Windows\ServiceProfiles\LocalService\AppData\Local\SCANCO_Medical_AG\JobService\Jobs\188-e4fbeaf0-5cab-4f44-8cc6-5b746a11c3f4>SET IPL_FVER= 

C:\Windows\ServiceProfiles\LocalService\AppData\Local\SCANCO_Medical_AG\JobService\Jobs\188-e4fbeaf0-5cab-4f44-8cc6-5b746a11c3f4>SET IPL_DIR=@sns/measurement/4/6717/13981/ 

C:\Windows\ServiceProfiles\LocalService\AppData\Local\SCANCO_Medical_AG\JobService\Jobs\188-e4fbeaf0-5cab-4f44-8cc6-5b746a11c3f4>SET IPL_FNAME3=@sns/measurement/4/6717/13981/R0005194_DT.aim 

C:\Windows\ServiceProfiles\LocalService\AppData\Local\SCANCO_Medical_AG\JobService\Jobs\188-e4fbeaf0-5cab-4f44-8cc6-5b746a11c3f4>SET IPL_STARTFILE=@sns/measurement/4/6717/13981/R0005194.ISQ 

C:\Windows\ServiceProfiles\LocalService\AppData\Local\SCANCO_Medical_AG\JobService\Jobs\188-e4fbeaf0-5cab-4f44-8cc6-5b746a11c3f4>SET IPL_FEXT=.ISQ 

C:\Windows\ServiceProfiles\LocalService\AppData\Local\SCANCO_Medical_AG\JobService\Jobs\188-e4fbeaf0-5cab-4f44-8cc6-5b746a11c3f4>SET IPL_FNAME=R0005194 

C:\Windows\ServiceProfiles\LocalService\AppData\Local\SCANCO_Medical_AG\JobService\Jobs\188-e4fbeaf0-5cab-4f44-8cc6-5b746a11c3f4>SET IPL_SEGAIM=@sns/measurement/4/6717/13981/R0005194_Ring.aim 

C:\Windows\ServiceProfiles\LocalService\AppData\Local\SCANCO_Medical_AG\JobService\Jobs\188-e4fbeaf0-5cab-4f44-8cc6-5b746a11c3f4>SET IPL_FNAME8=@sns/measurement/4/6717/13981/R0005194_pore.txt 

C:\Windows\ServiceProfiles\LocalService\AppData\Local\SCANCO_Medical_AG\JobService\Jobs\188-e4fbeaf0-5cab-4f44-8cc6-5b746a11c3f4>SET EVAL_PEEL0=0 

C:\Windows\ServiceProfiles\LocalService\AppData\Local\SCANCO_Medical_AG\JobService\Jobs\188-e4fbeaf0-5cab-4f44-8cc6-5b746a11c3f4>SET EVAL_GOBJ0=@sns/measurement/4/6717/13981/R0005194_F.gobj 

C:\Windows\ServiceProfiles\LocalService\AppData\Local\SCANCO_Medical_AG\JobService\Jobs\188-e4fbeaf0-5cab-4f44-8cc6-5b746a11c3f4>SET EVAL_PEEL1=0 

C:\Windows\ServiceProfiles\LocalService\AppData\Local\SCANCO_Medical_AG\JobService\Jobs\188-e4fbeaf0-5cab-4f44-8cc6-5b746a11c3f4>SET EVAL_GOBJ1=@sns/measurement/4/6717/13981/R0005194_C.gobj 

C:\Windows\ServiceProfiles\LocalService\AppData\Local\SCANCO_Medical_AG\JobService\Jobs\188-e4fbeaf0-5cab-4f44-8cc6-5b746a11c3f4>SET EVAL_PEEL2=0 

C:\Windows\ServiceProfiles\LocalService\AppData\Local\SCANCO_Medical_AG\JobService\Jobs\188-e4fbeaf0-5cab-4f44-8cc6-5b746a11c3f4>SET EVAL_GOBJ2=@sns/measurement/4/6717/13981/R0005194_corr.gobj 

C:\Windows\ServiceProfiles\LocalService\AppData\Local\SCANCO_Medical_AG\JobService\Jobs\188-e4fbeaf0-5cab-4f44-8cc6-5b746a11c3f4>SET EVAL_PEEL3=0 

C:\Windows\ServiceProfiles\LocalService\AppData\Local\SCANCO_Medical_AG\JobService\Jobs\188-e4fbeaf0-5cab-4f44-8cc6-5b746a11c3f4>SET EVAL_GOBJ3=@sns/measurement/4/6717/13981/R0005194_perio.gobj 

C:\Windows\ServiceProfiles\LocalService\AppData\Local\SCANCO_Medical_AG\JobService\Jobs\188-e4fbeaf0-5cab-4f44-8cc6-5b746a11c3f4>SET EVAL_PEEL4=0 

C:\Windows\ServiceProfiles\LocalService\AppData\Local\SCANCO_Medical_AG\JobService\Jobs\188-e4fbeaf0-5cab-4f44-8cc6-5b746a11c3f4>SET EVAL_GOBJ4=@sns/measurement/4/6717/13981/R0005194_endo.gobj 

C:\Windows\ServiceProfiles\LocalService\AppData\Local\SCANCO_Medical_AG\JobService\Jobs\188-e4fbeaf0-5cab-4f44-8cc6-5b746a11c3f4>SET IPL_PEEL2=0 

C:\Windows\ServiceProfiles\LocalService\AppData\Local\SCANCO_Medical_AG\JobService\Jobs\188-e4fbeaf0-5cab-4f44-8cc6-5b746a11c3f4>SET IPL_GOBJ0=@sns/measurement/4/6717/13981/R0005194_F.gobj 

C:\Windows\ServiceProfiles\LocalService\AppData\Local\SCANCO_Medical_AG\JobService\Jobs\188-e4fbeaf0-5cab-4f44-8cc6-5b746a11c3f4>SET IPL_PEEL3=0 

C:\Windows\ServiceProfiles\LocalService\AppData\Local\SCANCO_Medical_AG\JobService\Jobs\188-e4fbeaf0-5cab-4f44-8cc6-5b746a11c3f4>SET IPL_GOBJ4=@sns/measurement/4/6717/13981/R0005194_endo.gobj 

C:\Windows\ServiceProfiles\LocalService\AppData\Local\SCANCO_Medical_AG\JobService\Jobs\188-e4fbeaf0-5cab-4f44-8cc6-5b746a11c3f4>SET IPL_PEEL1=0 

C:\Windows\ServiceProfiles\LocalService\AppData\Local\SCANCO_Medical_AG\JobService\Jobs\188-e4fbeaf0-5cab-4f44-8cc6-5b746a11c3f4>SET IPL_GOBJ2=@sns/measurement/4/6717/13981/R0005194_corr.gobj 

C:\Windows\ServiceProfiles\LocalService\AppData\Local\SCANCO_Medical_AG\JobService\Jobs\188-e4fbeaf0-5cab-4f44-8cc6-5b746a11c3f4>SET IPL_PEEL4=0 

C:\Windows\ServiceProfiles\LocalService\AppData\Local\SCANCO_Medical_AG\JobService\Jobs\188-e4fbeaf0-5cab-4f44-8cc6-5b746a11c3f4>SET IPL_PEEL0=0 

C:\Windows\ServiceProfiles\LocalService\AppData\Local\SCANCO_Medical_AG\JobService\Jobs\188-e4fbeaf0-5cab-4f44-8cc6-5b746a11c3f4>SET IPL_GOBJ3=@sns/measurement/4/6717/13981/R0005194_perio.gobj 

C:\Windows\ServiceProfiles\LocalService\AppData\Local\SCANCO_Medical_AG\JobService\Jobs\188-e4fbeaf0-5cab-4f44-8cc6-5b746a11c3f4>SET IPL_GOBJ1=@sns/measurement/4/6717/13981/R0005194_C.gobj 

C:\Windows\ServiceProfiles\LocalService\AppData\Local\SCANCO_Medical_AG\JobService\Jobs\188-e4fbeaf0-5cab-4f44-8cc6-5b746a11c3f4>SET EVAL_VOIX=163 

C:\Windows\ServiceProfiles\LocalService\AppData\Local\SCANCO_Medical_AG\JobService\Jobs\188-e4fbeaf0-5cab-4f44-8cc6-5b746a11c3f4>SET EVAL_VOIY=117 

C:\Windows\ServiceProfiles\LocalService\AppData\Local\SCANCO_Medical_AG\JobService\Jobs\188-e4fbeaf0-5cab-4f44-8cc6-5b746a11c3f4>SET EVAL_VOIZ=1815 

C:\Windows\ServiceProfiles\LocalService\AppData\Local\SCANCO_Medical_AG\JobService\Jobs\188-e4fbeaf0-5cab-4f44-8cc6-5b746a11c3f4>SET EVAL_VOIDX=337 

C:\Windows\ServiceProfiles\LocalService\AppData\Local\SCANCO_Medical_AG\JobService\Jobs\188-e4fbeaf0-5cab-4f44-8cc6-5b746a11c3f4>SET EVAL_VOIDY=237 

C:\Windows\ServiceProfiles\LocalService\AppData\Local\SCANCO_Medical_AG\JobService\Jobs\188-e4fbeaf0-5cab-4f44-8cc6-5b746a11c3f4>SET EVAL_VOIDZ=301 

C:\Windows\ServiceProfiles\LocalService\AppData\Local\SCANCO_Medical_AG\JobService\Jobs\188-e4fbeaf0-5cab-4f44-8cc6-5b746a11c3f4>SET EVAL_VOIBX=4 

C:\Windows\ServiceProfiles\LocalService\AppData\Local\SCANCO_Medical_AG\JobService\Jobs\188-e4fbeaf0-5cab-4f44-8cc6-5b746a11c3f4>SET EVAL_VOIBY=4 

C:\Windows\ServiceProfiles\LocalService\AppData\Local\SCANCO_Medical_AG\JobService\Jobs\188-e4fbeaf0-5cab-4f44-8cc6-5b746a11c3f4>SET EVAL_VOIBZ=0 

C:\Windows\ServiceProfiles\LocalService\AppData\Local\SCANCO_Medical_AG\JobService\Jobs\188-e4fbeaf0-5cab-4f44-8cc6-5b746a11c3f4>SET IPL_VOIDX=337 

C:\Windows\ServiceProfiles\LocalService\AppData\Local\SCANCO_Medical_AG\JobService\Jobs\188-e4fbeaf0-5cab-4f44-8cc6-5b746a11c3f4>SET IPL_VOIBZ=0 

C:\Windows\ServiceProfiles\LocalService\AppData\Local\SCANCO_Medical_AG\JobService\Jobs\188-e4fbeaf0-5cab-4f44-8cc6-5b746a11c3f4>SET IPL_VOIDZ=301 

C:\Windows\ServiceProfiles\LocalService\AppData\Local\SCANCO_Medical_AG\JobService\Jobs\188-e4fbeaf0-5cab-4f44-8cc6-5b746a11c3f4>SET IPL_VOIDY=237 

C:\Windows\ServiceProfiles\LocalService\AppData\Local\SCANCO_Medical_AG\JobService\Jobs\188-e4fbeaf0-5cab-4f44-8cc6-5b746a11c3f4>SET IPL_VOIZ=1815 

C:\Windows\ServiceProfiles\LocalService\AppData\Local\SCANCO_Medical_AG\JobService\Jobs\188-e4fbeaf0-5cab-4f44-8cc6-5b746a11c3f4>SET IPL_VOIX=163 

C:\Windows\ServiceProfiles\LocalService\AppData\Local\SCANCO_Medical_AG\JobService\Jobs\188-e4fbeaf0-5cab-4f44-8cc6-5b746a11c3f4>SET IPL_VOIBX=4 

C:\Windows\ServiceProfiles\LocalService\AppData\Local\SCANCO_Medical_AG\JobService\Jobs\188-e4fbeaf0-5cab-4f44-8cc6-5b746a11c3f4>SET IPL_VOIY=117 

C:\Windows\ServiceProfiles\LocalService\AppData\Local\SCANCO_Medical_AG\JobService\Jobs\188-e4fbeaf0-5cab-4f44-8cc6-5b746a11c3f4>SET IPL_VOIBY=4 

C:\Windows\ServiceProfiles\LocalService\AppData\Local\SCANCO_Medical_AG\JobService\Jobs\188-e4fbeaf0-5cab-4f44-8cc6-5b746a11c3f4>SET IPL_SIGMA0=0.8 

C:\Windows\ServiceProfiles\LocalService\AppData\Local\SCANCO_Medical_AG\JobService\Jobs\188-e4fbeaf0-5cab-4f44-8cc6-5b746a11c3f4>SET IPL_SUPPORT0=1 

C:\Windows\ServiceProfiles\LocalService\AppData\Local\SCANCO_Medical_AG\JobService\Jobs\188-e4fbeaf0-5cab-4f44-8cc6-5b746a11c3f4>SET IPL_LOWER0=135.0 

C:\Windows\ServiceProfiles\LocalService\AppData\Local\SCANCO_Medical_AG\JobService\Jobs\188-e4fbeaf0-5cab-4f44-8cc6-5b746a11c3f4>SET IPL_UPPER0=10000 

C:\Windows\ServiceProfiles\LocalService\AppData\Local\SCANCO_Medical_AG\JobService\Jobs\188-e4fbeaf0-5cab-4f44-8cc6-5b746a11c3f4>SET IPL_UNIT0=2 

C:\Windows\ServiceProfiles\LocalService\AppData\Local\SCANCO_Medical_AG\JobService\Jobs\188-e4fbeaf0-5cab-4f44-8cc6-5b746a11c3f4>SET IPL_SIGMA1=0.8 

C:\Windows\ServiceProfiles\LocalService\AppData\Local\SCANCO_Medical_AG\JobService\Jobs\188-e4fbeaf0-5cab-4f44-8cc6-5b746a11c3f4>SET IPL_SUPPORT1=1 

C:\Windows\ServiceProfiles\LocalService\AppData\Local\SCANCO_Medical_AG\JobService\Jobs\188-e4fbeaf0-5cab-4f44-8cc6-5b746a11c3f4>SET IPL_LOWER1=220.0 

C:\Windows\ServiceProfiles\LocalService\AppData\Local\SCANCO_Medical_AG\JobService\Jobs\188-e4fbeaf0-5cab-4f44-8cc6-5b746a11c3f4>SET IPL_UPPER1=10000.0 

C:\Windows\ServiceProfiles\LocalService\AppData\Local\SCANCO_Medical_AG\JobService\Jobs\188-e4fbeaf0-5cab-4f44-8cc6-5b746a11c3f4>SET IPL_UNIT1=2 

C:\Windows\ServiceProfiles\LocalService\AppData\Local\SCANCO_Medical_AG\JobService\Jobs\188-e4fbeaf0-5cab-4f44-8cc6-5b746a11c3f4>SET IPL_SIGMA2= 

C:\Windows\ServiceProfiles\LocalService\AppData\Local\SCANCO_Medical_AG\JobService\Jobs\188-e4fbeaf0-5cab-4f44-8cc6-5b746a11c3f4>SET IPL_SUPPORT2= 

C:\Windows\ServiceProfiles\LocalService\AppData\Local\SCANCO_Medical_AG\JobService\Jobs\188-e4fbeaf0-5cab-4f44-8cc6-5b746a11c3f4>SET IPL_LOWER2= 

C:\Windows\ServiceProfiles\LocalService\AppData\Local\SCANCO_Medical_AG\JobService\Jobs\188-e4fbeaf0-5cab-4f44-8cc6-5b746a11c3f4>SET IPL_UPPER2= 

C:\Windows\ServiceProfiles\LocalService\AppData\Local\SCANCO_Medical_AG\JobService\Jobs\188-e4fbeaf0-5cab-4f44-8cc6-5b746a11c3f4>SET IPL_UNIT2= 

C:\Windows\ServiceProfiles\LocalService\AppData\Local\SCANCO_Medical_AG\JobService\Jobs\188-e4fbeaf0-5cab-4f44-8cc6-5b746a11c3f4>SET IPL_SIGMA3= 

C:\Windows\ServiceProfiles\LocalService\AppData\Local\SCANCO_Medical_AG\JobService\Jobs\188-e4fbeaf0-5cab-4f44-8cc6-5b746a11c3f4>SET IPL_SUPPORT3= 

C:\Windows\ServiceProfiles\LocalService\AppData\Local\SCANCO_Medical_AG\JobService\Jobs\188-e4fbeaf0-5cab-4f44-8cc6-5b746a11c3f4>SET IPL_LOWER3= 

C:\Windows\ServiceProfiles\LocalService\AppData\Local\SCANCO_Medical_AG\JobService\Jobs\188-e4fbeaf0-5cab-4f44-8cc6-5b746a11c3f4>SET IPL_UPPER3= 

C:\Windows\ServiceProfiles\LocalService\AppData\Local\SCANCO_Medical_AG\JobService\Jobs\188-e4fbeaf0-5cab-4f44-8cc6-5b746a11c3f4>SET IPL_UNIT3= 

C:\Windows\ServiceProfiles\LocalService\AppData\Local\SCANCO_Medical_AG\JobService\Jobs\188-e4fbeaf0-5cab-4f44-8cc6-5b746a11c3f4>SET IPL_SIGMA4= 

C:\Windows\ServiceProfiles\LocalService\AppData\Local\SCANCO_Medical_AG\JobService\Jobs\188-e4fbeaf0-5cab-4f44-8cc6-5b746a11c3f4>SET IPL_SUPPORT4= 

C:\Windows\ServiceProfiles\LocalService\AppData\Local\SCANCO_Medical_AG\JobService\Jobs\188-e4fbeaf0-5cab-4f44-8cc6-5b746a11c3f4>SET IPL_LOWER4= 

C:\Windows\ServiceProfiles\LocalService\AppData\Local\SCANCO_Medical_AG\JobService\Jobs\188-e4fbeaf0-5cab-4f44-8cc6-5b746a11c3f4>SET IPL_UPPER4= 

C:\Windows\ServiceProfiles\LocalService\AppData\Local\SCANCO_Medical_AG\JobService\Jobs\188-e4fbeaf0-5cab-4f44-8cc6-5b746a11c3f4>SET IPL_UNIT4= 

C:\Windows\ServiceProfiles\LocalService\AppData\Local\SCANCO_Medical_AG\JobService\Jobs\188-e4fbeaf0-5cab-4f44-8cc6-5b746a11c3f4>SET EVAL_RX= 

C:\Windows\ServiceProfiles\LocalService\AppData\Local\SCANCO_Medical_AG\JobService\Jobs\188-e4fbeaf0-5cab-4f44-8cc6-5b746a11c3f4>SET EVAL_RY= 

C:\Windows\ServiceProfiles\LocalService\AppData\Local\SCANCO_Medical_AG\JobService\Jobs\188-e4fbeaf0-5cab-4f44-8cc6-5b746a11c3f4>SET EVAL_RZ= 

C:\Windows\ServiceProfiles\LocalService\AppData\Local\SCANCO_Medical_AG\JobService\Jobs\188-e4fbeaf0-5cab-4f44-8cc6-5b746a11c3f4>SET EVAL_TX= 

C:\Windows\ServiceProfiles\LocalService\AppData\Local\SCANCO_Medical_AG\JobService\Jobs\188-e4fbeaf0-5cab-4f44-8cc6-5b746a11c3f4>SET EVAL_TY= 

C:\Windows\ServiceProfiles\LocalService\AppData\Local\SCANCO_Medical_AG\JobService\Jobs\188-e4fbeaf0-5cab-4f44-8cc6-5b746a11c3f4>SET EVAL_TZ= 

C:\Windows\ServiceProfiles\LocalService\AppData\Local\SCANCO_Medical_AG\JobService\Jobs\188-e4fbeaf0-5cab-4f44-8cc6-5b746a11c3f4>SET EVAL_SX= 

C:\Windows\ServiceProfiles\LocalService\AppData\Local\SCANCO_Medical_AG\JobService\Jobs\188-e4fbeaf0-5cab-4f44-8cc6-5b746a11c3f4>SET EVAL_SY= 

C:\Windows\ServiceProfiles\LocalService\AppData\Local\SCANCO_Medical_AG\JobService\Jobs\188-e4fbeaf0-5cab-4f44-8cc6-5b746a11c3f4>SET EVAL_SZ= 

C:\Windows\ServiceProfiles\LocalService\AppData\Local\SCANCO_Medical_AG\JobService\Jobs\188-e4fbeaf0-5cab-4f44-8cc6-5b746a11c3f4>SET IPL_TZ= 

C:\Windows\ServiceProfiles\LocalService\AppData\Local\SCANCO_Medical_AG\JobService\Jobs\188-e4fbeaf0-5cab-4f44-8cc6-5b746a11c3f4>SET IPL_RX= 

C:\Windows\ServiceProfiles\LocalService\AppData\Local\SCANCO_Medical_AG\JobService\Jobs\188-e4fbeaf0-5cab-4f44-8cc6-5b746a11c3f4>SET IPL_SZ= 

C:\Windows\ServiceProfiles\LocalService\AppData\Local\SCANCO_Medical_AG\JobService\Jobs\188-e4fbeaf0-5cab-4f44-8cc6-5b746a11c3f4>SET IPL_SX= 

C:\Windows\ServiceProfiles\LocalService\AppData\Local\SCANCO_Medical_AG\JobService\Jobs\188-e4fbeaf0-5cab-4f44-8cc6-5b746a11c3f4>SET IPL_RY= 

C:\Windows\ServiceProfiles\LocalService\AppData\Local\SCANCO_Medical_AG\JobService\Jobs\188-e4fbeaf0-5cab-4f44-8cc6-5b746a11c3f4>SET IPL_RZ= 

C:\Windows\ServiceProfiles\LocalService\AppData\Local\SCANCO_Medical_AG\JobService\Jobs\188-e4fbeaf0-5cab-4f44-8cc6-5b746a11c3f4>SET IPL_SY= 

C:\Windows\ServiceProfiles\LocalService\AppData\Local\SCANCO_Medical_AG\JobService\Jobs\188-e4fbeaf0-5cab-4f44-8cc6-5b746a11c3f4>SET IPL_TY= 

C:\Windows\ServiceProfiles\LocalService\AppData\Local\SCANCO_Medical_AG\JobService\Jobs\188-e4fbeaf0-5cab-4f44-8cc6-5b746a11c3f4>SET IPL_TX= 

C:\Windows\ServiceProfiles\LocalService\AppData\Local\SCANCO_Medical_AG\JobService\Jobs\188-e4fbeaf0-5cab-4f44-8cc6-5b746a11c3f4>SET EVAL_SHEET= 

C:\Windows\ServiceProfiles\LocalService\AppData\Local\SCANCO_Medical_AG\JobService\Jobs\188-e4fbeaf0-5cab-4f44-8cc6-5b746a11c3f4>SET EVAL_COPIES= 

C:\Windows\ServiceProfiles\LocalService\AppData\Local\SCANCO_Medical_AG\JobService\Jobs\188-e4fbeaf0-5cab-4f44-8cc6-5b746a11c3f4>SET EVAL_PQUEUE= 

C:\Windows\ServiceProfiles\LocalService\AppData\Local\SCANCO_Medical_AG\JobService\Jobs\188-e4fbeaf0-5cab-4f44-8cc6-5b746a11c3f4>SET EVAL_TYPE= 

C:\Windows\ServiceProfiles\LocalService\AppData\Local\SCANCO_Medical_AG\JobService\Jobs\188-e4fbeaf0-5cab-4f44-8cc6-5b746a11c3f4>SET EVAL_SIZE= 

C:\Windows\ServiceProfiles\LocalService\AppData\Local\SCANCO_Medical_AG\JobService\Jobs\188-e4fbeaf0-5cab-4f44-8cc6-5b746a11c3f4>SET EVAL_3DPRESET= 

C:\Windows\ServiceProfiles\LocalService\AppData\Local\SCANCO_Medical_AG\JobService\Jobs\188-e4fbeaf0-5cab-4f44-8cc6-5b746a11c3f4>SET EVAL_3DINPUT=@sns/measurement/4/6717/13981/R0005194_Ring.aim 

C:\Windows\ServiceProfiles\LocalService\AppData\Local\SCANCO_Medical_AG\JobService\Jobs\188-e4fbeaf0-5cab-4f44-8cc6-5b746a11c3f4>SET EVAL_E3X=- 

C:\Windows\ServiceProfiles\LocalService\AppData\Local\SCANCO_Medical_AG\JobService\Jobs\188-e4fbeaf0-5cab-4f44-8cc6-5b746a11c3f4>SET EVAL_SHEET1= 

C:\Windows\ServiceProfiles\LocalService\AppData\Local\SCANCO_Medical_AG\JobService\Jobs\188-e4fbeaf0-5cab-4f44-8cc6-5b746a11c3f4>SET EVAL_SHEET2= 

C:\Windows\ServiceProfiles\LocalService\AppData\Local\SCANCO_Medical_AG\JobService\Jobs\188-e4fbeaf0-5cab-4f44-8cc6-5b746a11c3f4>SET EVAL_FORMAT= 

C:\Windows\ServiceProfiles\LocalService\AppData\Local\SCANCO_Medical_AG\JobService\Jobs\188-e4fbeaf0-5cab-4f44-8cc6-5b746a11c3f4>SET EVAL_COLOR= 

C:\Windows\ServiceProfiles\LocalService\AppData\Local\SCANCO_Medical_AG\JobService\Jobs\188-e4fbeaf0-5cab-4f44-8cc6-5b746a11c3f4>SET EVAL_NORM= 

C:\Windows\ServiceProfiles\LocalService\AppData\Local\SCANCO_Medical_AG\JobService\Jobs\188-e4fbeaf0-5cab-4f44-8cc6-5b746a11c3f4>SET EVAL_NO_Z= 

C:\Windows\ServiceProfiles\LocalService\AppData\Local\SCANCO_Medical_AG\JobService\Jobs\188-e4fbeaf0-5cab-4f44-8cc6-5b746a11c3f4>SET EVAL_SCALE= 

C:\Windows\ServiceProfiles\LocalService\AppData\Local\SCANCO_Medical_AG\JobService\Jobs\188-e4fbeaf0-5cab-4f44-8cc6-5b746a11c3f4>SET EVAL_QUALITY= 

C:\Windows\ServiceProfiles\LocalService\AppData\Local\SCANCO_Medical_AG\JobService\Jobs\188-e4fbeaf0-5cab-4f44-8cc6-5b746a11c3f4>SET EVAL_VIEW=xy 

C:\Windows\ServiceProfiles\LocalService\AppData\Local\SCANCO_Medical_AG\JobService\Jobs\188-e4fbeaf0-5cab-4f44-8cc6-5b746a11c3f4>SET EVAL_PROBLEM= 

C:\Windows\ServiceProfiles\LocalService\AppData\Local\SCANCO_Medical_AG\JobService\Jobs\188-e4fbeaf0-5cab-4f44-8cc6-5b746a11c3f4>SET EVAL_FEPAR_NO= 

C:\Windows\ServiceProfiles\LocalService\AppData\Local\SCANCO_Medical_AG\JobService\Jobs\188-e4fbeaf0-5cab-4f44-8cc6-5b746a11c3f4>SET EVAL_FEA0= 

C:\Windows\ServiceProfiles\LocalService\AppData\Local\SCANCO_Medical_AG\JobService\Jobs\188-e4fbeaf0-5cab-4f44-8cc6-5b746a11c3f4>SET EVAL_FEA1= 

C:\Windows\ServiceProfiles\LocalService\AppData\Local\SCANCO_Medical_AG\JobService\Jobs\188-e4fbeaf0-5cab-4f44-8cc6-5b746a11c3f4>SET IPL_FEA0= 

C:\Windows\ServiceProfiles\LocalService\AppData\Local\SCANCO_Medical_AG\JobService\Jobs\188-e4fbeaf0-5cab-4f44-8cc6-5b746a11c3f4>SET IPL_PROBLEM= 

C:\Windows\ServiceProfiles\LocalService\AppData\Local\SCANCO_Medical_AG\JobService\Jobs\188-e4fbeaf0-5cab-4f44-8cc6-5b746a11c3f4>SET IPL_FEPAR_NO= 

C:\Windows\ServiceProfiles\LocalService\AppData\Local\SCANCO_Medical_AG\JobService\Jobs\188-e4fbeaf0-5cab-4f44-8cc6-5b746a11c3f4>SET IPL_FEA1= 

C:\Windows\ServiceProfiles\LocalService\AppData\Local\SCANCO_Medical_AG\JobService\Jobs\188-e4fbeaf0-5cab-4f44-8cc6-5b746a11c3f4>SET EVAL_MISC1_0=50 

C:\Windows\ServiceProfiles\LocalService\AppData\Local\SCANCO_Medical_AG\JobService\Jobs\188-e4fbeaf0-5cab-4f44-8cc6-5b746a11c3f4>SET EVAL_MISC1_1=1 

C:\Windows\ServiceProfiles\LocalService\AppData\Local\SCANCO_Medical_AG\JobService\Jobs\188-e4fbeaf0-5cab-4f44-8cc6-5b746a11c3f4>SET EVAL_MISC1_2=3 

C:\Windows\ServiceProfiles\LocalService\AppData\Local\SCANCO_Medical_AG\JobService\Jobs\188-e4fbeaf0-5cab-4f44-8cc6-5b746a11c3f4>SET EVAL_MISC1_3=2 

C:\Windows\ServiceProfiles\LocalService\AppData\Local\SCANCO_Medical_AG\JobService\Jobs\188-e4fbeaf0-5cab-4f44-8cc6-5b746a11c3f4>SET IPL_MISC1_2=3 

C:\Windows\ServiceProfiles\LocalService\AppData\Local\SCANCO_Medical_AG\JobService\Jobs\188-e4fbeaf0-5cab-4f44-8cc6-5b746a11c3f4>SET IPL_MISC1_3=2 

C:\Windows\ServiceProfiles\LocalService\AppData\Local\SCANCO_Medical_AG\JobService\Jobs\188-e4fbeaf0-5cab-4f44-8cc6-5b746a11c3f4>SET IPL_MISC1_1=1 

C:\Windows\ServiceProfiles\LocalService\AppData\Local\SCANCO_Medical_AG\JobService\Jobs\188-e4fbeaf0-5cab-4f44-8cc6-5b746a11c3f4>SET IPL_MISC1_0=50 

C:\Windows\ServiceProfiles\LocalService\AppData\Local\SCANCO_Medical_AG\JobService\Jobs\188-e4fbeaf0-5cab-4f44-8cc6-5b746a11c3f4>SET EVAL_CALC0= 

C:\Windows\ServiceProfiles\LocalService\AppData\Local\SCANCO_Medical_AG\JobService\Jobs\188-e4fbeaf0-5cab-4f44-8cc6-5b746a11c3f4>SET EVAL_CALC1= 

C:\Windows\ServiceProfiles\LocalService\AppData\Local\SCANCO_Medical_AG\JobService\Jobs\188-e4fbeaf0-5cab-4f44-8cc6-5b746a11c3f4>SET IPL_CALC0= 

C:\Windows\ServiceProfiles\LocalService\AppData\Local\SCANCO_Medical_AG\JobService\Jobs\188-e4fbeaf0-5cab-4f44-8cc6-5b746a11c3f4>SET IPL_CALC1= 

C:\Windows\ServiceProfiles\LocalService\AppData\Local\SCANCO_Medical_AG\JobService\Jobs\188-e4fbeaf0-5cab-4f44-8cc6-5b746a11c3f4>"C:\Program Files\SCANCO Medical\IPL\ipl_scanco_m.exe" /execute YG_iplv7_midshaft_mask.ipl .. 
!%
!%      IPL Processing List Scan. 
!%
           _/_/_/  _/_/_/    _/                                     
            _/    _/    _/  _/           Image Processing Language  
           _/    _/_/_/    _/              (c) IBT/ETH Zürich       
        _/_/_/  _/        _/_/_/_/             Scanco Medical AG    
!%
!%      IPL Processing Starts.     Module: Scanco Module 64-bit Version V7.0.0.2
!%                                  Built:  Jun 15 2022, 09:15:59 
!%

!% /execute YG_iplv7_midshaft_mask.ipl
!!!!!!!!!!!!!!!!!!!!!!!!!!
!! Midshaft analysis     !
!!!!!!!!!!!!!!!!!!!!!!!!!!


/db_scanco_activate
  -write                     true
  -type                      2
!%  Scanco Parameter Database E3 activated for writing

!%  /db_scanco_activate completed:  CPU: 00:00.00  ELAP: 00:00.00  

!> translated symbol ipl_measno to '13981' in IPL_Pl_ParamSet
!> translated symbol ipl_mgroup to '0' in IPL_Pl_ParamSet
!> translated symbol ipl_egroup to '0' in IPL_Pl_ParamSet
!> translated symbol ipl_region to '0' in IPL_Pl_ParamSet
!> translated symbol ipl_version to '0' in IPL_Pl_ParamSet


/db_e3_clear_eval
  -type                      e44
  -index                     13981
  -mgroup                    0
  -egroup                    0
  -region                    0
  -version                   0
 Rewriting EVAL3: IDX      178263

!%  /db_e3_clear_eval completed:  CPU: 00:00.00  ELAP: 00:04.07  

!> translated symbol ipl_isq to '@sns/measurement/4/6717/13981/R0005194.ISQ' in IPL_Pl_ParamSet


/isq_to_aim
  -aim_name                  org
  -isq_filename              @sns/measurement/4/6717/13981/r0005194.isq
  -pos                       0 0 0
  -dim                       -1 -1 -1
!> Position   of AIM    0    0    0
!> Dimension  of AIM 1024 1024 2462
!> El-size-mm of AIM 0.01720 0.01720 0.01720
!> AIM size will be:
!> Type of data               Short      2 byte/voxel
!> Total memory size          4924.0     Mbyte
!> Patient Name:              YG_MM_E01_IntF_4W_OGP270_17RU
!> Index Patient:             6717
!> Index Measurement:         13981
Of 2462 slices in total (final slice 2461), now reading slice
 0 1 2 3 4 5 6 7 8 9 10 11 12 13 14 15 16 17 18 19
 20 21 22 23 24 25 26 27 28 29 30 31 32 33 34 35 36 37 38 39
 40 41 42 43 44 45 46 47 48 49 50 51 52 53 54 55 56 57 58 59
 60 61 62 63 64 65 66 67 68 69 70 71 72 73 74 75 76 77 78 79
 80 81 82 83 84 85 86 87 88 89 90 91 92 93 94 95 96 97 98 99
 100 101 102 103 104 105 106 107 108 109 110 111 112 113 114 115 116 117 118 119
 120 121 122 123 124 125 126 127 128 129 130 131 132 133 134 135 136 137 138 139
 140 141 142 143 144 145 146 147 148 149 150 151 152 153 154 155 156 157 158 159
 160 161 162 163 164 165 166 167 168 169 170 171 172 173 174 175 176 177 178 179
 180 181 182 183 184 185 186 187 188 189 190 191 192 193 194 195 196 197 198 199
 200 201 202 203 204 205 206 207 208 209 210 211 212 213 214 215 216 217 218 219
 220 221 222 223 224 225 226 227 228 229 230 231 232 233 234 235 236 237 238 239
 240 241 242 243 244 245 246 247 248 249 250 251 252 253 254 255 256 257 258 259
 260 261 262 263 264 265 266 267 268 269 270 271 272 273 274 275 276 277 278 279
 280 281 282 283 284 285 286 287 288 289 290 291 292 293 294 295 296 297 298 299
 300 301 302 303 304 305 306 307 308 309 310 311 312 313 314 315 316 317 318 319
 320 321 322 323 324 325 326 327 328 329 330 331 332 333 334 335 336 337 338 339
 340 341 342 343 344 345 346 347 348 349 350 351 352 353 354 355 356 357 358 359
 360 361 362 363 364 365 366 367 368 369 370 371 372 373 374 375 376 377 378 379
 380 381 382 383 384 385 386 387 388 389 390 391 392 393 394 395 396 397 398 399
 400 401 402 403 404 405 406 407 408 409 410 411 412 413 414 415 416 417 418 419
 420 421 422 423 424 425 426 427 428 429 430 431 432 433 434 435 436 437 438 439
 440 441 442 443 444 445 446 447 448 449 450 451 452 453 454 455 456 457 458 459
 460 461 462 463 464 465 466 467 468 469 470 471 472 473 474 475 476 477 478 479
 480 481 482 483 484 485 486 487 488 489 490 491 492 493 494 495 496 497 498 499
 500 501 502 503 504 505 506 507 508 509 510 511 512 513 514 515 516 517 518 519
 520 521 522 523 524 525 526 527 528 529 530 531 532 533 534 535 536 537 538 539
 540 541 542 543 544 545 546 547 548 549 550 551 552 553 554 555 556 557 558 559
 560 561 562 563 564 565 566 567 568 569 570 571 572 573 574 575 576 577 578 579
 580 581 582 583 584 585 586 587 588 589 590 591 592 593 594 595 596 597 598 599
 600 601 602 603 604 605 606 607 608 609 610 611 612 613 614 615 616 617 618 619
 620 621 622 623 624 625 626 627 628 629 630 631 632 633 634 635 636 637 638 639
 640 641 642 643 644 645 646 647 648 649 650 651 652 653 654 655 656 657 658 659
 660 661 662 663 664 665 666 667 668 669 670 671 672 673 674 675 676 677 678 679
 680 681 682 683 684 685 686 687 688 689 690 691 692 693 694 695 696 697 698 699
 700 701 702 703 704 705 706 707 708 709 710 711 712 713 714 715 716 717 718 719
 720 721 722 723 724 725 726 727 728 729 730 731 732 733 734 735 736 737 738 739
 740 741 742 743 744 745 746 747 748 749 750 751 752 753 754 755 756 757 758 759
 760 761 762 763 764 765 766 767 768 769 770 771 772 773 774 775 776 777 778 779
 780 781 782 783 784 785 786 787 788 789 790 791 792 793 794 795 796 797 798 799
 800 801 802 803 804 805 806 807 808 809 810 811 812 813 814 815 816 817 818 819
 820 821 822 823 824 825 826 827 828 829 830 831 832 833 834 835 836 837 838 839
 840 841 842 843 844 845 846 847 848 849 850 851 852 853 854 855 856 857 858 859
 860 861 862 863 864 865 866 867 868 869 870 871 872 873 874 875 876 877 878 879
 880 881 882 883 884 885 886 887 888 889 890 891 892 893 894 895 896 897 898 899
 900 901 902 903 904 905 906 907 908 909 910 911 912 913 914 915 916 917 918 919
 920 921 922 923 924 925 926 927 928 929 930 931 932 933 934 935 936 937 938 939
 940 941 942 943 944 945 946 947 948 949 950 951 952 953 954 955 956 957 958 959
 960 961 962 963 964 965 966 967 968 969 970 971 972 973 974 975 976 977 978 979
 980 981 982 983 984 985 986 987 988 989 990 991 992 993 994 995 996 997 998 999
 1000 1001 1002 1003 1004 1005 1006 1007 1008 1009 1010 1011 1012 1013 1014 1015 1016 1017 1018 1019
 1020 1021 1022 1023 1024 1025 1026 1027 1028 1029 1030 1031 1032 1033 1034 1035 1036 1037 1038 1039
 1040 1041 1042 1043 1044 1045 1046 1047 1048 1049 1050 1051 1052 1053 1054 1055 1056 1057 1058 1059
 1060 1061 1062 1063 1064 1065 1066 1067 1068 1069 1070 1071 1072 1073 1074 1075 1076 1077 1078 1079
 1080 1081 1082 1083 1084 1085 1086 1087 1088 1089 1090 1091 1092 1093 1094 1095 1096 1097 1098 1099
 1100 1101 1102 1103 1104 1105 1106 1107 1108 1109 1110 1111 1112 1113 1114 1115 1116 1117 1118 1119
 1120 1121 1122 1123 1124 1125 1126 1127 1128 1129 1130 1131 1132 1133 1134 1135 1136 1137 1138 1139
 1140 1141 1142 1143 1144 1145 1146 1147 1148 1149 1150 1151 1152 1153 1154 1155 1156 1157 1158 1159
 1160 1161 1162 1163 1164 1165 1166 1167 1168 1169 1170 1171 1172 1173 1174 1175 1176 1177 1178 1179
 1180 1181 1182 1183 1184 1185 1186 1187 1188 1189 1190 1191 1192 1193 1194 1195 1196 1197 1198 1199
 1200 1201 1202 1203 1204 1205 1206 1207 1208 1209 1210 1211 1212 1213 1214 1215 1216 1217 1218 1219
 1220 1221 1222 1223 1224 1225 1226 1227 1228 1229 1230 1231 1232 1233 1234 1235 1236 1237 1238 1239
 1240 1241 1242 1243 1244 1245 1246 1247 1248 1249 1250 1251 1252 1253 1254 1255 1256 1257 1258 1259
 1260 1261 1262 1263 1264 1265 1266 1267 1268 1269 1270 1271 1272 1273 1274 1275 1276 1277 1278 1279
 1280 1281 1282 1283 1284 1285 1286 1287 1288 1289 1290 1291 1292 1293 1294 1295 1296 1297 1298 1299
 1300 1301 1302 1303 1304 1305 1306 1307 1308 1309 1310 1311 1312 1313 1314 1315 1316 1317 1318 1319
 1320 1321 1322 1323 1324 1325 1326 1327 1328 1329 1330 1331 1332 1333 1334 1335 1336 1337 1338 1339
 1340 1341 1342 1343 1344 1345 1346 1347 1348 1349 1350 1351 1352 1353 1354 1355 1356 1357 1358 1359
 1360 1361 1362 1363 1364 1365 1366 1367 1368 1369 1370 1371 1372 1373 1374 1375 1376 1377 1378 1379
 1380 1381 1382 1383 1384 1385 1386 1387 1388 1389 1390 1391 1392 1393 1394 1395 1396 1397 1398 1399
 1400 1401 1402 1403 1404 1405 1406 1407 1408 1409 1410 1411 1412 1413 1414 1415 1416 1417 1418 1419
 1420 1421 1422 1423 1424 1425 1426 1427 1428 1429 1430 1431 1432 1433 1434 1435 1436 1437 1438 1439
 1440 1441 1442 1443 1444 1445 1446 1447 1448 1449 1450 1451 1452 1453 1454 1455 1456 1457 1458 1459
 1460 1461 1462 1463 1464 1465 1466 1467 1468 1469 1470 1471 1472 1473 1474 1475 1476 1477 1478 1479
 1480 1481 1482 1483 1484 1485 1486 1487 1488 1489 1490 1491 1492 1493 1494 1495 1496 1497 1498 1499
 1500 1501 1502 1503 1504 1505 1506 1507 1508 1509 1510 1511 1512 1513 1514 1515 1516 1517 1518 1519
 1520 1521 1522 1523 1524 1525 1526 1527 1528 1529 1530 1531 1532 1533 1534 1535 1536 1537 1538 1539
 1540 1541 1542 1543 1544 1545 1546 1547 1548 1549 1550 1551 1552 1553 1554 1555 1556 1557 1558 1559
 1560 1561 1562 1563 1564 1565 1566 1567 1568 1569 1570 1571 1572 1573 1574 1575 1576 1577 1578 1579
 1580 1581 1582 1583 1584 1585 1586 1587 1588 1589 1590 1591 1592 1593 1594 1595 1596 1597 1598 1599
 1600 1601 1602 1603 1604 1605 1606 1607 1608 1609 1610 1611 1612 1613 1614 1615 1616 1617 1618 1619
 1620 1621 1622 1623 1624 1625 1626 1627 1628 1629 1630 1631 1632 1633 1634 1635 1636 1637 1638 1639
 1640 1641 1642 1643 1644 1645 1646 1647 1648 1649 1650 1651 1652 1653 1654 1655 1656 1657 1658 1659
 1660 1661 1662 1663 1664 1665 1666 1667 1668 1669 1670 1671 1672 1673 1674 1675 1676 1677 1678 1679
 1680 1681 1682 1683 1684 1685 1686 1687 1688 1689 1690 1691 1692 1693 1694 1695 1696 1697 1698 1699
 1700 1701 1702 1703 1704 1705 1706 1707 1708 1709 1710 1711 1712 1713 1714 1715 1716 1717 1718 1719
 1720 1721 1722 1723 1724 1725 1726 1727 1728 1729 1730 1731 1732 1733 1734 1735 1736 1737 1738 1739
 1740 1741 1742 1743 1744 1745 1746 1747 1748 1749 1750 1751 1752 1753 1754 1755 1756 1757 1758 1759
 1760 1761 1762 1763 1764 1765 1766 1767 1768 1769 1770 1771 1772 1773 1774 1775 1776 1777 1778 1779
 1780 1781 1782 1783 1784 1785 1786 1787 1788 1789 1790 1791 1792 1793 1794 1795 1796 1797 1798 1799
 1800 1801 1802 1803 1804 1805 1806 1807 1808 1809 1810 1811 1812 1813 1814 1815 1816 1817 1818 1819
 1820 1821 1822 1823 1824 1825 1826 1827 1828 1829 1830 1831 1832 1833 1834 1835 1836 1837 1838 1839
 1840 1841 1842 1843 1844 1845 1846 1847 1848 1849 1850 1851 1852 1853 1854 1855 1856 1857 1858 1859
 1860 1861 1862 1863 1864 1865 1866 1867 1868 1869 1870 1871 1872 1873 1874 1875 1876 1877 1878 1879
 1880 1881 1882 1883 1884 1885 1886 1887 1888 1889 1890 1891 1892 1893 1894 1895 1896 1897 1898 1899
 1900 1901 1902 1903 1904 1905 1906 1907 1908 1909 1910 1911 1912 1913 1914 1915 1916 1917 1918 1919
 1920 1921 1922 1923 1924 1925 1926 1927 1928 1929 1930 1931 1932 1933 1934 1935 1936 1937 1938 1939
 1940 1941 1942 1943 1944 1945 1946 1947 1948 1949 1950 1951 1952 1953 1954 1955 1956 1957 1958 1959
 1960 1961 1962 1963 1964 1965 1966 1967 1968 1969 1970 1971 1972 1973 1974 1975 1976 1977 1978 1979
 1980 1981 1982 1983 1984 1985 1986 1987 1988 1989 1990 1991 1992 1993 1994 1995 1996 1997 1998 1999
 2000 2001 2002 2003 2004 2005 2006 2007 2008 2009 2010 2011 2012 2013 2014 2015 2016 2017 2018 2019
 2020 2021 2022 2023 2024 2025 2026 2027 2028 2029 2030 2031 2032 2033 2034 2035 2036 2037 2038 2039
 2040 2041 2042 2043 2044 2045 2046 2047 2048 2049 2050 2051 2052 2053 2054 2055 2056 2057 2058 2059
 2060 2061 2062 2063 2064 2065 2066 2067 2068 2069 2070 2071 2072 2073 2074 2075 2076 2077 2078 2079
 2080 2081 2082 2083 2084 2085 2086 2087 2088 2089 2090 2091 2092 2093 2094 2095 2096 2097 2098 2099
 2100 2101 2102 2103 2104 2105 2106 2107 2108 2109 2110 2111 2112 2113 2114 2115 2116 2117 2118 2119
 2120 2121 2122 2123 2124 2125 2126 2127 2128 2129 2130 2131 2132 2133 2134 2135 2136 2137 2138 2139
 2140 2141 2142 2143 2144 2145 2146 2147 2148 2149 2150 2151 2152 2153 2154 2155 2156 2157 2158 2159
 2160 2161 2162 2163 2164 2165 2166 2167 2168 2169 2170 2171 2172 2173 2174 2175 2176 2177 2178 2179
 2180 2181 2182 2183 2184 2185 2186 2187 2188 2189 2190 2191 2192 2193 2194 2195 2196 2197 2198 2199
 2200 2201 2202 2203 2204 2205 2206 2207 2208 2209 2210 2211 2212 2213 2214 2215 2216 2217 2218 2219
 2220 2221 2222 2223 2224 2225 2226 2227 2228 2229 2230 2231 2232 2233 2234 2235 2236 2237 2238 2239
 2240 2241 2242 2243 2244 2245 2246 2247 2248 2249 2250 2251 2252 2253 2254 2255 2256 2257 2258 2259
 2260 2261 2262 2263 2264 2265 2266 2267 2268 2269 2270 2271 2272 2273 2274 2275 2276 2277 2278 2279
 2280 2281 2282 2283 2284 2285 2286 2287 2288 2289 2290 2291 2292 2293 2294 2295 2296 2297 2298 2299
 2300 2301 2302 2303 2304 2305 2306 2307 2308 2309 2310 2311 2312 2313 2314 2315 2316 2317 2318 2319
 2320 2321 2322 2323 2324 2325 2326 2327 2328 2329 2330 2331 2332 2333 2334 2335 2336 2337 2338 2339
 2340 2341 2342 2343 2344 2345 2346 2347 2348 2349 2350 2351 2352 2353 2354 2355 2356 2357 2358 2359
 2360 2361 2362 2363 2364 2365 2366 2367 2368 2369 2370 2371 2372 2373 2374 2375 2376 2377 2378 2379
 2380 2381 2382 2383 2384 2385 2386 2387 2388 2389 2390 2391 2392 2393 2394 2395 2396 2397 2398 2399
 2400 2401 2402 2403 2404 2405 2406 2407 2408 2409 2410 2411 2412 2413 2414 2415 2416 2417 2418 2419
 2420 2421 2422 2423 2424 2425 2426 2427 2428 2429 2430 2431 2432 2433 2434 2435 2436 2437 2438 2439
 2440 2441 2442 2443 2444 2445 2446 2447 2448 2449 2450 2451 2452 2453 2454 2455 2456 2457 2458 2459
 2460 2461
!
! Processing Log
!
!-------------------------------------------------------------------------------
Created by                    ISQ_TO_AIM (IPL)                                  
Time                          18-JUL-2023 01:39:04.24                           
Original file                 @sns/measurement/4/6717/13981/r0005194.isq        
Original Creation-Date        04-JUL-2022 10:56:05.87                           
Orig-ISQ-Dim-p                                   1024       1024       2462
Orig-ISQ-Dim-um                                 17612      17612      42345
!-------------------------------------------------------------------------------
Patient Name                  YG_MM_E01_IntF_4W_OGP270_17RU                     
Index Patient                                    6717
Index Measurement                               13981
!-------------------------------------------------------------------------------
Site                                                4
Scanner ID                                       6511
Scanner type                                       10
Position Slice 1 [um]                            8778
No. samples                                      2048
No. projections per 180                          1000
Scan Distance [um]                              35225
Integration time [us]                          950000
Reference line [um]                              8778
Reconstruction-Alg.                                 3
Energy [V]                                      90000
Intensity [uA]                                    200
Angle-Offset [mdeg]                                 0
Default-Eval                                        0
!-------------------------------------------------------------------------------
Mu_Scaling                                       4096
Calibration Data              Unknown. Backconverted from AIM.                  
Calib. default unit type      2 (Density)                                       
Density: unit                 mg HA/ccm                                         
Density: slope                        5.24672974e+002
Density: intercept                    -2.20578003e+002
HU: mu water                                  0.38700
!-------------------------------------------------------------------------------
Parameter name                Linear Attenuation                                
Parameter units               [1/cm]                                            
Minimum value                                -0.54321
Maximum value                                 2.61133
Average value                                 0.17294
Standard deviation                            0.35505
Scaled by factor                                 4096
Minimum data value                        -2225.00000
Maximum data value                        10696.00000
Average data value                          708.34393
Standard data deviation                    1454.30359
!-------------------------------------------------------------------------------


!%  /isq_to_aim completed:  CPU: 00:49.35  ELAP: 02:10.71  

!> translated symbol ipl_support0 to '1' in IPL_Pl_ParamSet


/sup_divide
  -input                     org
  -supdim_numbers            4 4 1
  -testoff_pixels            1 1 1
  -suppos_pixels_local       -1 -1 -1
  -subdim_pixels             -1 -1 -1
!> supdim                              4       4       1
!> suppos                              2       2       1
!> subdim                            255     255    2460
!> testoff                             1       1       1

!%  /sup_divide completed:  CPU: 00:00.00  ELAP: 00:00.00  

!> translated symbol ipl_sigma0 to '0.8' in IPL_Pl_ParamSet
!> translated symbol ipl_support0 to '1' in IPL_Pl_ParamSet


/gauss_lp
  -input                     org
  -output                    gau
  -sigma                     0.800000
  -support                   1

!%  /gauss_lp completed:  CPU: 00:40.50  ELAP: 00:40.98  

!> translated symbol ipl_lower0 to '135.0' in IPL_Pl_ParamSet
!> translated symbol ipl_upper0 to '10000' in IPL_Pl_ParamSet
!> translated symbol ipl_unit0 to '2' in IPL_Pl_ParamSet


/threshold
  -input                     gau
  -output                    seg_hi
  -lower_in_perm_aut_al      135.000000
  -upper_in_perm_aut_al      10000.000000
  -value_in_range            127
  -unit                      2
!% If orig aim: Thresholds correspond to Lin.Att.: 0.6777 8.000 [1/cm]
!% If orig aim: Thresholds correspond to Dens: 135.0109 3976.678 [mg HA/ccm]
!% If orig aim: Thresholds correspond to HU: 751.2516 19671.203 [HU]
!% Thresholds correspond to native numbers:   2776 32767
!% Permille Threshold would be: 84.729 1000.010

!%  /threshold completed:  CPU: 00:11.32  ELAP: 00:11.48  

!> translated symbol ipl_lower1 to '220.0' in IPL_Pl_ParamSet
!> translated symbol ipl_upper1 to '10000.0' in IPL_Pl_ParamSet
!> translated symbol ipl_unit1 to '2' in IPL_Pl_ParamSet


/threshold
  -input                     gau
  -output                    seg_lo
  -lower_in_perm_aut_al      220.000000
  -upper_in_perm_aut_al      10000.000000
  -value_in_range            127
  -unit                      2
!% If orig aim: Thresholds correspond to Lin.Att.: 0.8396 8.000 [1/cm]
!% If orig aim: Thresholds correspond to Dens: 219.9372 3976.678 [mg HA/ccm]
!% If orig aim: Thresholds correspond to HU: 1169.5081 19671.203 [HU]
!% Thresholds correspond to native numbers:   3439 32767
!% Permille Threshold would be: 104.963 1000.010

!%  /threshold completed:  CPU: 00:10.12  ELAP: 00:10.23  



/delete
  -name                      gau

!%  /delete completed:  CPU: 00:00.00  ELAP: 00:00.30  



/if
  -arg1                      1
  -operator                  eq
  -arg2                      2

!% If condition  1 eq 2 FALSE

!% NOT all conditions TRUE. Do NOT execute statements!

!%  /if completed:  CPU: 00:00.00  ELAP: 00:00.00  



! /bounding_box_cut
!  -input                     seg_lo
!  -output                    seg_lo2
!  -z_only                    false
!  -border                    0 0 0


! /delete
!  -name                      seg_lo


! /cl_nr_extract
!  -input                     seg_lo2
!  -output                    seg_lo_cl
!  -min_number                20000
!  -max_number                0
!  -value_in_range            127
!  -topology                  6


! /cl_ow_rank_extract
!  -input_output              seg_lo_cl
!  -first_rank                1
!  -last_rank                 2
!  -connect_boundary          false
!  -value_in_range            127
!  -topology                  6


! /bounding_box_cut
!  -input                     seg_lo_cl
!  -output                    seg_lo
!  -z_only                    false
!  -border                    1 1 1


! /delete
!  -name                      seg_lo2


! /delete
!  -name                      seg_lo_cl


/else

!% Else condition  TRUE

!% All conditions TRUE. Execute statements!

!%  /else completed:  CPU: 00:00.00  ELAP: 00:00.00  



/bounding_box_cut
  -input                     seg_lo
  -output                    seg_lo
  -z_only                    false
  -border                    0 0 0
!% 
!%  IPL_Ol_Add: Object 'seg_lo' already existed. Old object freed and replaced.
!> D3P_BoundingBoxCut...

C:\Windows\ServiceProfiles\LocalService\AppData\Local\SCANCO_Medical_AG\JobService\Jobs\188-e4fbeaf0-5cab-4f44-8cc6-5b746a11c3f4>"C:\Program Files\SCANCO Medical\SWAPConsoleAdmin\SWAPConsoleAdmin.exe" create-folder @sns/project/4/results/0_All/0_Standard/ 

C:\Windows\ServiceProfiles\LocalService\AppData\Local\SCANCO_Medical_AG\JobService\Jobs\188-e4fbeaf0-5cab-4f44-8cc6-5b746a11c3f4>"C:\Program Files\SCANCO Medical\UctList\uct_list.exe" -t=@sns/project/4/templates/prs_csv_YG_Bone_Midshaft.csv -o=@sns/measurement/4/6717/13981/R0005194_YG_Bone_Midshaft.csv -m=0 -e=0 -r=0 -v=0 -e3x=- -u=0 13981 
   Opening file D:\MICROCT_USER\project\4\templates\prs_csv_YG_Bone_Midshaft.csv
   Opening file E:\MICROCT_DATA\4\6717\13981\R0005194_YG_Bone_Midshaft.csv

Output file created: @sns/measurement/4/6717/13981/R0005194_YG_Bone_Midshaft.csv

C:\Windows\ServiceProfiles\LocalService\AppData\Local\SCANCO_Medical_AG\JobService\Jobs\188-e4fbeaf0-5cab-4f44-8cc6-5b746a11c3f4>"C:\Program Files\SCANCO Medical\UctList\uct_list.exe" -t=@sns/project/4/templates/prs_csv_YG_Bone_Midshaft.csv -a=@sns/measurement/4/6717/13981/R0005194_YG_Bone_Midshaft_summary.csv -m=0 -e=0 -r=0 -v=0 -e3x=- -u=0 13981 
   Opening file D:\MICROCT_USER\project\4\templates\prs_csv_YG_Bone_Midshaft.csv
   Opening file 
 E:\MICROCT_DATA\4\6717\13981\R0005194_YG_Bone_Midshaft_summary.csv

Output file created: @sns/measurement/4/6717/13981/R0005194_YG_Bone_Midshaft_summary.csv

C:\Windows\ServiceProfiles\LocalService\AppData\Local\SCANCO_Medical_AG\JobService\Jobs\188-e4fbeaf0-5cab-4f44-8cc6-5b746a11c3f4>"C:\Program Files\SCANCO Medical\UctList\uct_list.exe" -t=@sns/project/4/templates/prs_csv_YG_Bone_Midshaft.csv -a=@sns/project/4/results/0_All/0_Standard/M0000_E0000_YG_Bone_Midshaft.csv -m=0 -e=0 -r=0 -v=0 -e3x=- -u=0 13981 
   Opening file D:\MICROCT_USER\project\4\templates\prs_csv_YG_Bone_Midshaft.csv
   Opening file 
 D:\MICROCT_USER\project\4\results\0_All\0_Standard\M0000_E0000_YG_Bone_Midshaft
 .csv

Output file created: @sns/project/4/results/0_All/0_Standard/M0000_E0000_YG_Bone_Midshaft.csv


